Release 14.7 - ngc2edif P.20131013 (lin64)
Copyright (c) 1995-2013 Xilinx, Inc.  All rights reserved.
Reading design Principal.ngc ...
WARNING:NetListWriters:298 - No output is written to Principal.xncf, ignored.
Processing design ...
   Preping design's networks ...
   Preping design's macros ...
  finished :Prep
Writing EDIF netlist file Principal.edif ...
ngc2edif: Total memory usage is 103952 kilobytes

Release 14.7 - ngc2edif P.20131013 (lin64)
Copyright (c) 1995-2013 Xilinx, Inc.  All rights reserved.
Reading design Principal.ngc ...
WARNING:NetListWriters:298 - No output is written to Principal.xncf, ignored.
Processing design ...
   Preping design's networks ...
   Preping design's macros ...
  finished :Prep
Writing EDIF netlist file Principal.edif ...
ngc2edif: Total memory usage is 103956 kilobytes

Release 14.7 - ngc2edif P.20131013 (lin64)
Copyright (c) 1995-2013 Xilinx, Inc.  All rights reserved.
Reading design Principal.ngc ...
WARNING:NetListWriters:298 - No output is written to Principal.xncf, ignored.
Processing design ...
   Preping design's networks ...
   Preping design's macros ...
  finished :Prep
Writing EDIF netlist file Principal.edif ...
ngc2edif: Total memory usage is 104216 kilobytes

