
****** PlanAhead v14.7 (64-bit)
  **** Build 321239 by xbuild on Fri Sep 27 19:24:36 MDT 2013
    ** Copyright 1986-1999, 2001-2013 Xilinx, Inc. All Rights Reserved.

INFO: [Common 17-78] Attempting to get a license: PlanAhead
INFO: [Common 17-290] Got license for PlanAhead
INFO: [Common 17-86] Your PlanAhead license expires in -1147 day(s)
INFO: [Device 21-36] Loading parts and site information from /opt/Xilinx/14.7/ISE_DS/PlanAhead/data/parts/arch.xml
Parsing RTL primitives file [/opt/Xilinx/14.7/ISE_DS/PlanAhead/data/parts/xilinx/rtl/prims/rtl_prims.xml]
Finished parsing RTL primitives file [/opt/Xilinx/14.7/ISE_DS/PlanAhead/data/parts/xilinx/rtl/prims/rtl_prims.xml]
start_gui
source /home/ise/Desktop/prac5JJAE/prac6JJAE/pa.fromNetlist.tcl
# create_project -name prac6JJAE -dir "/home/ise/Desktop/prac5JJAE/prac6JJAE/planAhead_run_2" -part xc6slx9csg225-3
create_project: Time (s): cpu = 00:00:09 ; elapsed = 00:00:10 . Memory (MB): peak = 2631.277 ; gain = 26.172
# set_property design_mode GateLvl [get_property srcset [current_run -impl]]
# set_property edif_top_file "/home/ise/Desktop/prac5JJAE/prac6JJAE/Principal.ngc" [ get_property srcset [ current_run ] ]
# add_files -norecurse { {/home/ise/Desktop/prac5JJAE/prac6JJAE} }
# set_param project.pinAheadLayout  yes
# set_property target_constrs_file "Principal.ucf" [current_fileset -constrset]
Adding file '/home/ise/Desktop/prac5JJAE/prac6JJAE/Principal.ucf' to fileset 'constrs_1'
# add_files [list {Principal.ucf}] -fileset [get_property constrset [current_run]]
# link_design
Design is defaulting to srcset: sources_1
Design is defaulting to constrset: constrs_1
Design is defaulting to project part: xc6slx9csg225-3
Release 14.7 - ngc2edif P.20131013 (lin64)
Copyright (c) 1995-2013 Xilinx, Inc.  All rights reserved.

Release 14.7 - ngc2edif P.20131013 (lin64)
Copyright (c) 1995-2013 Xilinx, Inc.  All rights reserved.
Reading design Principal.ngc ...
WARNING:NetListWriters:298 - No output is written to Principal.xncf, ignored.
Processing design ...
   Preping design's networks ...
   Preping design's macros ...
  finished :Prep
Writing EDIF netlist file Principal.edif ...
ngc2edif: Total memory usage is 103956 kilobytes

Parsing EDIF File [./planAhead_run_2/prac6JJAE.data/cache/Principal_ngc_6421ec11.edif]
Finished Parsing EDIF File [./planAhead_run_2/prac6JJAE.data/cache/Principal_ngc_6421ec11.edif]
INFO: [Netlist 29-17] Analyzing 1 Unisim elements for replacement
INFO: [Netlist 29-28] Unisim Transformation completed in 0 CPU seconds
Loading clock regions from /opt/Xilinx/14.7/ISE_DS/PlanAhead/data/parts/xilinx/spartan6/spartan6lx/xc6slx9/ClockRegion.xml
Loading clock buffers from /opt/Xilinx/14.7/ISE_DS/PlanAhead/data/parts/xilinx/spartan6/spartan6lx/xc6slx9/ClockBuffers.xml
Loading package pin functions from /opt/Xilinx/14.7/ISE_DS/PlanAhead/data/parts/xilinx/spartan6/PinFunctions.xml...
Loading package from /opt/Xilinx/14.7/ISE_DS/PlanAhead/data/parts/xilinx/spartan6/spartan6lx/xc6slx9/csg225/Package.xml
Loading io standards from /opt/Xilinx/14.7/ISE_DS/PlanAhead/data/./parts/xilinx/spartan6/IOStandards.xml
Loading device configuration modes from /opt/Xilinx/14.7/ISE_DS/PlanAhead/data/parts/xilinx/spartan6/ConfigModes.xml
Loading list of drcs for the architecture : /opt/Xilinx/14.7/ISE_DS/PlanAhead/data/./parts/xilinx/spartan6/drc.xml
Parsing UCF File [/home/ise/Desktop/prac5JJAE/prac6JJAE/Principal.ucf]
Finished Parsing UCF File [/home/ise/Desktop/prac5JJAE/prac6JJAE/Principal.ucf]
INFO: [Project 1-111] Unisim Transformation Summary:
  A total of 1 instances were transformed.
  BUFGP => BUFGP (IBUF, BUFG): 1 instances

Phase 0 | Netlist Checksum: 58f617c7
link_design: Time (s): cpu = 00:00:46 ; elapsed = 00:00:51 . Memory (MB): peak = 2802.809 ; gain = 165.523
startgroup
set_property package_pin H13 [get_ports {otros[3]}]
endgroup
startgroup
set_property package_pin K11 [get_ports {otros[2]}]
endgroup
startgroup
set_property package_pin J13 [get_ports {otros[1]}]
endgroup
startgroup
set_property package_pin K12 [get_ports {otros[0]}]
endgroup
save_constraints
exit
ERROR: [Common 17-39] 'stop_gui' failed due to earlier errors.
INFO: [Common 17-206] Exiting PlanAhead at Sat Jun 20 00:09:31 2020...
INFO: [Common 17-83] Releasing license: PlanAhead
